#
# There is insufficient memory for the Java Runtime Environment to continue.
# Native memory allocation (mmap) failed to map 262144000 bytes for G1 virtual space
# Possible reasons:
#   The system is out of physical RAM or swap space
#   The process is running with CompressedOops enabled, and the Java Heap may be blocking the growth of the native heap
# Possible solutions:
#   Reduce memory load on the system
#   Increase physical memory or swap space
#   Check if swap backing store is full
#   Decrease Java heap size (-Xmx/-Xms)
#   Decrease number of Java threads
#   Decrease Java thread stack sizes (-Xss)
#   Set larger code cache with -XX:ReservedCodeCacheSize=
#   JVM is running with Zero Based Compressed Oops mode in which the Java heap is
#     placed in the first 32GB address space. The Java Heap base address is the
#     maximum limit for the native heap growth. Please use -XX:HeapBaseMinAddress
#     to set the Java Heap base and to place the Java Heap above 32GB virtual address.
# This output file may be truncated or incomplete.
#
#  Out of Memory Error (os_windows.cpp:3600), pid=19772, tid=30000
#
# JRE version:  (21.0.1+12) (build )
# Java VM: OpenJDK 64-Bit Server VM (21.0.1+12-LTS, mixed mode, sharing, tiered, compressed oops, compressed class ptrs, g1 gc, windows-amd64)
# No core dump will be written. Minidumps are not enabled by default on client versions of Windows
#

---------------  S U M M A R Y ------------

Command Line: -agentlib:jdwp=transport=dt_socket,address=127.0.0.1:61432,suspend=y,server=n -javaagent:C:\Users\Peter\AppData\Local\JetBrains\IntelliJIdea2023.3\captureAgent\debugger-agent.jar -Dfile.encoding=UTF-8 -Dsun.stdout.encoding=UTF-8 -Dsun.stderr.encoding=UTF-8 org.primeTimeHotel.Main

Host: 12th Gen Intel(R) Core(TM) i7-1260P, 16 cores, 15G,  Windows 11 , 64 bit Build 22621 (10.0.22621.3235)
Time: Sun Mar 24 19:30:49 2024 Central Daylight Time elapsed time: 0.022725 seconds (0d 0h 0m 0s)

---------------  T H R E A D  ---------------

Current thread (0x000001b42cfa8cd0):  JavaThread "Unknown thread" [_thread_in_vm, id=30000, stack(0x000000a5d9c00000,0x000000a5d9d00000) (1024K)]

Stack: [0x000000a5d9c00000,0x000000a5d9d00000]
Native frames: (J=compiled Java code, j=interpreted, Vv=VM code, C=native code)
V  [jvm.dll+0x6c7789]
V  [jvm.dll+0x8a2011]
V  [jvm.dll+0x8a44ae]
V  [jvm.dll+0x8a4b83]
V  [jvm.dll+0x27f936]
V  [jvm.dll+0x6c3f05]
V  [jvm.dll+0x6b8bfa]
V  [jvm.dll+0x35363a]
V  [jvm.dll+0x35b1e6]
V  [jvm.dll+0x3ac2be]
V  [jvm.dll+0x3ac568]
V  [jvm.dll+0x32787c]
V  [jvm.dll+0x3283db]
V  [jvm.dll+0x86b0f9]
V  [jvm.dll+0x3b9271]
V  [jvm.dll+0x8532c8]
V  [jvm.dll+0x44cffe]
V  [jvm.dll+0x44ea81]
C  [jli.dll+0x5278]
C  [ucrtbase.dll+0x29363]
C  [KERNEL32.DLL+0x1257d]
C  [ntdll.dll+0x5aa58]


---------------  P R O C E S S  ---------------

Threads class SMR info:
_java_thread_list=0x00007ff91281e088, length=0, elements={
}

Java Threads: ( => current thread )
Total: 0

Other Threads:
  0x000001b42d012440 WorkerThread "GC Thread#0"                     [id=4760, stack(0x000000a5d9d00000,0x000000a5d9e00000) (1024K)]
  0x000001b42d023ec0 ConcurrentGCThread "G1 Main Marker"            [id=17632, stack(0x000000a5d9e00000,0x000000a5d9f00000) (1024K)]
  0x000001b42d025c80 WorkerThread "G1 Conc#0"                       [id=29832, stack(0x000000a5d9f00000,0x000000a5da000000) (1024K)]

[error occurred during error reporting (printing all threads), id 0xc0000005, EXCEPTION_ACCESS_VIOLATION (0xc0000005) at pc=0x00007ff911f2a1a7]
VM state: not at safepoint (not fully initialized)

VM Mutex/Monitor currently owned by a thread:  ([mutex/lock_event])
[0x00007ff912891b28] Heap_lock - owner thread: 0x000001b42cfa8cd0

Heap address: 0x0000000706200000, size: 3998 MB, Compressed Oops mode: Zero based, Oop shift amount: 3

CDS archive(s) mapped at: [0x0000000000000000-0x0000000000000000-0x0000000000000000), size 0, SharedBaseAddress: 0x0000000800000000, ArchiveRelocationMode: 1.
Narrow klass base: 0x0000000000000000, Narrow klass shift: 0, Narrow klass range: 0x0

GC Precious Log:
 CardTable entry size: 512
 Card Set container configuration: InlinePtr #cards 4 size 8 Array Of Cards #cards 16 size 48 Howl #buckets 8 coarsen threshold 3686 Howl Bitmap #cards 512 size 80 coarsen threshold 460 Card regions per heap region 1 cards per card region 4096

Heap:
 garbage-first heap   total 0K, used 0K [0x0000000706200000, 0x0000000800000000)
  region size 2048K, 0 young (0K), 0 survivors (0K)

[error occurred during error reporting (printing heap information), id 0xc0000005, EXCEPTION_ACCESS_VIOLATION (0xc0000005) at pc=0x00007ff9123105d9]
GC Heap History (0 events):
No events

Dll operation events (2 events):
Event: 0.010 Loaded shared library C:\Program Files\Eclipse Adoptium\jdk-11.0.21.9-hotspot\bin\java.dll
Event: 0.011 Loaded shared library C:\Program Files\Eclipse Adoptium\jdk-11.0.21.9-hotspot\bin\zip.dll

Deoptimization events (0 events):
No events

Classes loaded (0 events):
No events

Classes unloaded (0 events):
No events

Classes redefined (0 events):
No events

Internal exceptions (0 events):
No events

ZGC Phase Switch (0 events):
No events

VM Operations (0 events):
No events

Events (0 events):
No events


Dynamic libraries:
0x00007ff747a70000 - 0x00007ff747a7e000 	C:\Program Files\Eclipse Adoptium\jdk-11.0.21.9-hotspot\bin\java.exe
0x00007ff97e310000 - 0x00007ff97e526000 	C:\Windows\SYSTEM32\ntdll.dll
0x00007ff97cb10000 - 0x00007ff97cbd4000 	C:\Windows\System32\KERNEL32.DLL
0x00007ff97bb40000 - 0x00007ff97bee6000 	C:\Windows\System32\KERNELBASE.dll
0x00007ff97b6d0000 - 0x00007ff97b7e1000 	C:\Windows\System32\ucrtbase.dll
0x00007ff9779b0000 - 0x00007ff9779cb000 	C:\Program Files\Eclipse Adoptium\jdk-11.0.21.9-hotspot\bin\VCRUNTIME140.dll
0x00007ff96b8f0000 - 0x00007ff96b908000 	C:\Program Files\Eclipse Adoptium\jdk-11.0.21.9-hotspot\bin\jli.dll
0x00007ff97dcc0000 - 0x00007ff97de6d000 	C:\Windows\System32\USER32.dll
0x00007ff97b9f0000 - 0x00007ff97ba16000 	C:\Windows\System32\win32u.dll
0x00007ff95fd20000 - 0x00007ff95ffb3000 	C:\Windows\WinSxS\amd64_microsoft.windows.common-controls_6595b64144ccf1df_6.0.22621.3235_none_270f74e173860f98\COMCTL32.dll
0x00007ff97d440000 - 0x00007ff97d469000 	C:\Windows\System32\GDI32.dll
0x00007ff97c060000 - 0x00007ff97c107000 	C:\Windows\System32\msvcrt.dll
0x00007ff97ba20000 - 0x00007ff97bb38000 	C:\Windows\System32\gdi32full.dll
0x00007ff97b8e0000 - 0x00007ff97b97a000 	C:\Windows\System32\msvcp_win.dll
0x00007ff97df70000 - 0x00007ff97dfa1000 	C:\Windows\System32\IMM32.DLL
0x00007ff978040000 - 0x00007ff97804c000 	C:\Program Files\Eclipse Adoptium\jdk-11.0.21.9-hotspot\bin\vcruntime140_1.dll
0x00007ff963430000 - 0x00007ff9634be000 	C:\Program Files\Eclipse Adoptium\jdk-11.0.21.9-hotspot\bin\msvcp140.dll
0x00007ff911bf0000 - 0x00007ff912971000 	C:\Program Files\Eclipse Adoptium\jdk-11.0.21.9-hotspot\bin\server\jvm.dll
0x00007ff97d700000 - 0x00007ff97d7b2000 	C:\Windows\System32\ADVAPI32.dll
0x00007ff97e140000 - 0x00007ff97e1e8000 	C:\Windows\System32\sechost.dll
0x00007ff97b8b0000 - 0x00007ff97b8d8000 	C:\Windows\System32\bcrypt.dll
0x00007ff97c850000 - 0x00007ff97c965000 	C:\Windows\System32\RPCRT4.dll
0x00007ff97d7c0000 - 0x00007ff97d831000 	C:\Windows\System32\WS2_32.dll
0x00007ff97a4c0000 - 0x00007ff97a50d000 	C:\Windows\SYSTEM32\POWRPROF.dll
0x00007ff9623d0000 - 0x00007ff9623da000 	C:\Windows\SYSTEM32\VERSION.dll
0x00007ff978850000 - 0x00007ff978884000 	C:\Windows\SYSTEM32\WINMM.dll
0x00007ff97a480000 - 0x00007ff97a493000 	C:\Windows\SYSTEM32\UMPDC.dll
0x00007ff97a740000 - 0x00007ff97a758000 	C:\Windows\SYSTEM32\kernel.appcore.dll
0x00007ff976030000 - 0x00007ff97603a000 	C:\Program Files\Eclipse Adoptium\jdk-11.0.21.9-hotspot\bin\jimage.dll
0x00007ff978590000 - 0x00007ff9787c3000 	C:\Windows\SYSTEM32\DBGHELP.DLL
0x00007ff97c2e0000 - 0x00007ff97c668000 	C:\Windows\System32\combase.dll
0x00007ff97e1f0000 - 0x00007ff97e2c7000 	C:\Windows\System32\OLEAUT32.dll
0x00007ff978810000 - 0x00007ff978842000 	C:\Windows\SYSTEM32\dbgcore.DLL
0x00007ff97b650000 - 0x00007ff97b6ca000 	C:\Windows\System32\bcryptPrimitives.dll
0x00007ff963310000 - 0x00007ff96334c000 	C:\Program Files\Eclipse Adoptium\jdk-11.0.21.9-hotspot\bin\jdwp.dll
0x00007ff96b920000 - 0x00007ff96b92f000 	C:\Program Files\Eclipse Adoptium\jdk-11.0.21.9-hotspot\bin\instrument.dll
0x00007ff963560000 - 0x00007ff96357f000 	C:\Program Files\Eclipse Adoptium\jdk-11.0.21.9-hotspot\bin\java.dll
0x00007ff963510000 - 0x00007ff963528000 	C:\Program Files\Eclipse Adoptium\jdk-11.0.21.9-hotspot\bin\zip.dll

dbghelp: loaded successfully - version: 4.0.5 - missing functions: none
symbol engine: initialized successfully - sym options: 0x614 - pdb path: .;C:\Program Files\Eclipse Adoptium\jdk-11.0.21.9-hotspot\bin;C:\Windows\SYSTEM32;C:\Windows\WinSxS\amd64_microsoft.windows.common-controls_6595b64144ccf1df_6.0.22621.3235_none_270f74e173860f98;C:\Program Files\Eclipse Adoptium\jdk-11.0.21.9-hotspot\bin\server

VM Arguments:
jvm_args: -agentlib:jdwp=transport=dt_socket,address=127.0.0.1:61432,suspend=y,server=n -javaagent:C:\Users\Peter\AppData\Local\JetBrains\IntelliJIdea2023.3\captureAgent\debugger-agent.jar -Dfile.encoding=UTF-8 -Dsun.stdout.encoding=UTF-8 -Dsun.stderr.encoding=UTF-8 
java_command: org.primeTimeHotel.Main
java_class_path (initial): C:\Users\Peter\OneDrive\Documents\GitHub\PrimeTimeHotel\PrimeTimeApp\target\classes;C:\Users\Peter\.m2\repository\com\oracle\database\jdbc\ojdbc8\23.2.0.0\ojdbc8-23.2.0.0.jar;C:\Users\Peter\.m2\repository\org\junit\jupiter\junit-jupiter\5.9.0\junit-jupiter-5.9.0.jar;C:\Users\Peter\.m2\repository\org\junit\jupiter\junit-jupiter-api\5.9.0\junit-jupiter-api-5.9.0.jar;C:\Users\Peter\.m2\repository\org\opentest4j\opentest4j\1.2.0\opentest4j-1.2.0.jar;C:\Users\Peter\.m2\repository\org\junit\platform\junit-platform-commons\1.9.0\junit-platform-commons-1.9.0.jar;C:\Users\Peter\.m2\repository\org\apiguardian\apiguardian-api\1.1.2\apiguardian-api-1.1.2.jar;C:\Users\Peter\.m2\repository\org\junit\jupiter\junit-jupiter-params\5.9.0\junit-jupiter-params-5.9.0.jar;C:\Users\Peter\.m2\repository\org\junit\jupiter\junit-jupiter-engine\5.9.0\junit-jupiter-engine-5.9.0.jar;C:\Users\Peter\.m2\repository\org\junit\platform\junit-platform-engine\1.9.0\junit-platform-engine-1.9.0.jar;C:\Program Files\JetBrains\IntelliJ IDEA 2023.3.2\lib\idea_rt.jar
Launcher Type: SUN_STANDARD

[Global flags]
     intx CICompilerCount                          = 12                                        {product} {ergonomic}
     uint ConcGCThreads                            = 3                                         {product} {ergonomic}
     uint G1ConcRefinementThreads                  = 13                                        {product} {ergonomic}
   size_t G1HeapRegionSize                         = 2097152                                   {product} {ergonomic}
    uintx GCDrainStackTargetSize                   = 64                                        {product} {ergonomic}
   size_t InitialHeapSize                          = 262144000                                 {product} {ergonomic}
   size_t MarkStackSize                            = 4194304                                   {product} {ergonomic}
   size_t MaxHeapSize                              = 4192206848                                {product} {ergonomic}
   size_t MinHeapDeltaBytes                        = 2097152                                   {product} {ergonomic}
   size_t MinHeapSize                              = 8388608                                   {product} {ergonomic}
    uintx NonNMethodCodeHeapSize                   = 7602480                                {pd product} {ergonomic}
    uintx NonProfiledCodeHeapSize                  = 122027880                              {pd product} {ergonomic}
    uintx ProfiledCodeHeapSize                     = 122027880                              {pd product} {ergonomic}
    uintx ReservedCodeCacheSize                    = 251658240                              {pd product} {ergonomic}
     bool SegmentedCodeCache                       = true                                      {product} {ergonomic}
   size_t SoftMaxHeapSize                          = 4192206848                             {manageable} {ergonomic}
     bool UseCompressedOops                        = true                           {product lp64_product} {ergonomic}
     bool UseG1GC                                  = true                                      {product} {ergonomic}
     bool UseLargePagesIndividualAllocation        = false                                  {pd product} {ergonomic}

Logging:
Log output configuration:
 #0: stdout all=warning uptime,level,tags foldmultilines=false
 #1: stderr all=off uptime,level,tags foldmultilines=false

Environment Variables:
JAVA_HOME=C:\Program Files\Java\jdk-21.0.1+12
PATH=C:\Python312\Scripts\;C:\Python312\;C:\Program Files\Eclipse Adoptium\jdk-11.0.21.9-hotspot\bin;C:\Windows\system32;C:\Windows;C:\Windows\System32\Wbem;C:\Windows\System32\WindowsPowerShell\v1.0\;C:\Windows\System32\OpenSSH\;C:\Program Files\dotnet\;C:\Program Files\Git\cmd;C:\Users\Peter\OneDrive\Documents\MinGW\x86_64-13.1.0\mingw64\bin;C:\Program Files (x86)\Vim\vim90;C:\Program Files (x86)\Vim\vim90;C:\Program Files\Java\jdk-21.0.1+12\bin;C:\Program Files\Maven\apache-maven-3.9.6\bin;C:\Program Files\nodejs\;C:\ProgramData\chocolatey\bin;C:\Users\Peter\OneDrive\Documents\Personal Docs;C:\Users\Peter\AppData\Local\Microsoft\WindowsApps;C:\Users\Peter\AppData\Local\GitHubDesktop\bin;C:\Users\Peter\.dotnet\tools;C:\Program Files\JetBrains\CLion 2022.3.1\bin;;C:\Program Files\JetBrains\IntelliJ IDEA 2023.3.2\bin;;C:\Users\Peter\AppData\Roaming\npm;
USERNAME=Peter
OS=Windows_NT
PROCESSOR_IDENTIFIER=Intel64 Family 6 Model 154 Stepping 3, GenuineIntel
TMP=C:\Users\Peter\AppData\Local\Temp
TEMP=C:\Users\Peter\AppData\Local\Temp




Periodic native trim disabled

---------------  S Y S T E M  ---------------

OS:
 Windows 11 , 64 bit Build 22621 (10.0.22621.3235)
OS uptime: 1 days 22:54 hours
Hyper-V role detected

CPU: total 16 (initial active 16) (8 cores per cpu, 2 threads per core) family 6 model 154 stepping 3 microcode 0x432, cx8, cmov, fxsr, ht, mmx, 3dnowpref, sse, sse2, sse3, ssse3, sse4.1, sse4.2, popcnt, lzcnt, tsc, tscinvbit, avx, avx2, aes, erms, clmul, bmi1, bmi2, adx, sha, fma, vzeroupper, clflush, clflushopt, clwb, hv, serialize, rdtscp, rdpid, fsrm, f16c, cet_ibt, cet_ss
Processor Information for processor 0
  Max Mhz: 2100, Current Mhz: 2100, Mhz Limit: 2100
Processor Information for processor 1
  Max Mhz: 2100, Current Mhz: 2100, Mhz Limit: 2100
Processor Information for processor 2
  Max Mhz: 2100, Current Mhz: 2100, Mhz Limit: 2100
Processor Information for processor 3
  Max Mhz: 2100, Current Mhz: 2100, Mhz Limit: 2100
Processor Information for processor 4
  Max Mhz: 2100, Current Mhz: 2100, Mhz Limit: 2100
Processor Information for processor 5
  Max Mhz: 2100, Current Mhz: 2100, Mhz Limit: 2100
Processor Information for processor 6
  Max Mhz: 2100, Current Mhz: 2100, Mhz Limit: 2100
Processor Information for processor 7
  Max Mhz: 2100, Current Mhz: 2100, Mhz Limit: 2100
Processor Information for processor 8
  Max Mhz: 2100, Current Mhz: 1500, Mhz Limit: 1491
Processor Information for processor 9
  Max Mhz: 2100, Current Mhz: 1500, Mhz Limit: 1491
Processor Information for processor 10
  Max Mhz: 2100, Current Mhz: 1500, Mhz Limit: 1491
Processor Information for processor 11
  Max Mhz: 2100, Current Mhz: 1500, Mhz Limit: 1491
Processor Information for processor 12
  Max Mhz: 2100, Current Mhz: 1500, Mhz Limit: 1491
Processor Information for processor 13
  Max Mhz: 2100, Current Mhz: 1500, Mhz Limit: 1491
Processor Information for processor 14
  Max Mhz: 2100, Current Mhz: 1500, Mhz Limit: 1491
Processor Information for processor 15
  Max Mhz: 2100, Current Mhz: 1500, Mhz Limit: 1491

Memory: 4k page, system-wide physical 15988M (3859M free)
TotalPageFile size 65140M (AvailPageFile size 41M)
current process WorkingSet (physical memory assigned to process): 12M, peak: 12M
current process commit charge ("private bytes"): 70M, peak: 320M

vm_info: OpenJDK 64-Bit Server VM (21.0.1+12-LTS) for windows-amd64 JRE (21.0.1+12-LTS), built on 2023-10-17T00:00:00Z by "admin" with unknown MS VC++:1937

END.
